=== DIAGNÓSTICO DO DASHBOARD ===
Data/Hora: 2025-09-02 13:35:06

PAGINA:
-------
Dashboard

TEMPO_EXECUCAO:
---------------
2.8429

MEMORIA_USADA:
--------------
0.96

AMBIENTE:
---------
Array
(
    [php_version] => 8.2.12
    [server_software] => Apache/2.4.58 (Win64) OpenSSL/3.1.3 PHP/8.2.12
    [sistema_operacional] => WINNT
    [memoria_limite] => 512M
    [post_max_size] => 40M
    [max_execution_time] => 120
)


VARIAVEIS_DISPONIVEIS:
----------------------
Array
(
    [stats] => Array
        (
            [disponivel] => 1
            [tipo] => array
            [vazio] => 
        )

    [atividades] => Array
        (
            [disponivel] => 1
            [tipo] => array
            [vazio] => 
        )

    [dadosGraficos] => Array
        (
            [disponivel] => 1
            [tipo] => array
            [vazio] => 
        )

)


DADOS_GRAFICOS:
---------------
Array
(
    [status] => verificado
    [detalhes] => Array
        (
            [movimentacoes] => Array
                (
                    [labels_count] => 7
                    [entradas_count] => 7
                    [saidas_count] => 7
                    [dados_consistentes] => 1
                )

            [estoque] => Array
                (
                    [total_marcas] => 15
                    [marcas_vazias] => 0
                    [estoque_zero] => 9
                )

        )

)


ESTATISTICAS:
-------------
Array
(
    [status] => verificado
    [detalhes] => Array
        (
            [campos_esperados] => Array
                (
                    [total_produtos] => 1
                    [estoque_total] => 1
                    [movimentacoes_hoje] => 1
                    [lucro_estimado] => 1
                )

            [valores] => Array
                (
                    [total_produtos] => 15
                    [estoque_total] => 553
                    [movimentacoes_hoje] => 7
                    [lucro_estimado] => 242.40
                )

        )

)


ATIVIDADES:
-----------
Array
(
    [status] => verificado
    [detalhes] => Array
        (
            [total] => 5
            [tipos] => Array
                (
                    [entrada] => 4
                    [saida] => 1
                )

            [campos_invalidos] => 0
        )

)


RECURSOS_JS:
------------
Array
(
    [status] => verificado
    [detalhes] => Array
        (
            [chart.js] => Array
                (
                    [url] => https://cdn.jsdelivr.net/npm/chart.js
                    [status] => 000
                    [disponivel] => 
                )

            [font-awesome] => Array
                (
                    [url] => https://cdnjs.cloudflare.com/ajax/libs/font-awesome/5.15.4/css/all.min.css
                    [status] => 200
                    [disponivel] => 1
                )

            [app.js] => Array
                (
                    [url] => http://localhost/sistema_ca_jesus/public/assets/js/app.js
                    [status] => 200
                    [disponivel] => 1
                )

            [charts.js] => Array
                (
                    [url] => http://localhost/sistema_ca_jesus/public/assets/js/charts.js
                    [status] => 200
                    [disponivel] => 1
                )

        )

)


RECURSOS_CSS:
-------------
Array
(
    [status] => não verificado
    [detalhes] => Array
        (
        )

)


ERROS_ENCONTRADOS:
------------------
Array
(
    [0] => Recurso chart.js não está acessível (Status: 000)
)


AVISOS:
-------
Array
(
)


RECOMENDACOES:
--------------
Array
(
    [0] => Corrija os erros críticos antes de continuar
)


